#
# There is insufficient memory for the Java Runtime Environment to continue.
# Native memory allocation (malloc) failed to allocate 975376 bytes for Chunk::new
# Possible reasons:
#   The system is out of physical RAM or swap space
#   The process is running with CompressedOops enabled, and the Java Heap may be blocking the growth of the native heap
# Possible solutions:
#   Reduce memory load on the system
#   Increase physical memory or swap space
#   Check if swap backing store is full
#   Decrease Java heap size (-Xmx/-Xms)
#   Decrease number of Java threads
#   Decrease Java thread stack sizes (-Xss)
#   Set larger code cache with -XX:ReservedCodeCacheSize=
#   JVM is running with Unscaled Compressed Oops mode in which the Java heap is
#     placed in the first 4GB address space. The Java Heap base address is the
#     maximum limit for the native heap growth. Please use -XX:HeapBaseMinAddress
#     to set the Java Heap base and to place the Java Heap above 4GB virtual address.
# This output file may be truncated or incomplete.
#
#  Out of Memory Error (arena.cpp:189), pid=12872, tid=4576
#
# JRE version: OpenJDK Runtime Environment Temurin-17.0.7+7 (17.0.7+7) (build 17.0.7+7)
# Java VM: OpenJDK 64-Bit Server VM Temurin-17.0.7+7 (17.0.7+7, mixed mode, tiered, compressed oops, compressed class ptrs, parallel gc, windows-amd64)
# No core dump will be written. Minidumps are not enabled by default on client versions of Windows
#

---------------  S U M M A R Y ------------

Command Line: --add-modules=ALL-SYSTEM --add-opens=java.base/java.util=ALL-UNNAMED --add-opens=java.base/java.lang=ALL-UNNAMED --add-opens=java.base/sun.nio.fs=ALL-UNNAMED -Declipse.application=org.eclipse.jdt.ls.core.id1 -Dosgi.bundles.defaultStartLevel=4 -Declipse.product=org.eclipse.jdt.ls.core.product -Djava.import.generatesMetadataFilesAtProjectRoot=false -Dfile.encoding=utf8 -XX:+UseParallelGC -XX:GCTimeRatio=4 -XX:AdaptiveSizePolicyWeight=90 -Dsun.zip.disableMemoryMapping=true -Xmx1G -Xms100m -Xlog:disable -javaagent:c:\Users\PC\.vscode\extensions\redhat.java-1.21.0-win32-x64\lombok\lombok-1.18.28.jar -XX:+HeapDumpOnOutOfMemoryError -XX:HeapDumpPath=c:\Users\PC\AppData\Roaming\Code\User\workspaceStorage\22e9aa4b2a487cec6e48ef45ec24419d\redhat.java -Daether.dependencyCollector.impl=bf c:\Users\PC\.vscode\extensions\redhat.java-1.21.0-win32-x64\server\plugins\org.eclipse.equinox.launcher_1.6.500.v20230717-2134.jar -configuration c:\Users\PC\AppData\Roaming\Code\User\globalStorage\redhat.java\1.21.0\config_win -data c:\Users\PC\AppData\Roaming\Code\User\workspaceStorage\22e9aa4b2a487cec6e48ef45ec24419d\redhat.java\jdt_ws

Host: Intel(R) Core(TM) i3 CPU       M 370  @ 2.40GHz, 4 cores, 2G,  Windows 10 , 64 bit Build 19041 (10.0.19041.3155)
Time: Sat Sep  2 19:34:58 2023 India Standard Time elapsed time: 109.809736 seconds (0d 0h 1m 49s)

---------------  T H R E A D  ---------------

Current thread (0x000001469dd4c280):  JavaThread "C2 CompilerThread0" daemon [_thread_in_native, id=4576, stack(0x00000005d8200000,0x00000005d8300000)]


Current CompileTask:
C2: 109835 7717       4       org.eclipse.jdt.internal.compiler.lookup.BinaryTypeBinding::createMethod (1717 bytes)

Stack: [0x00000005d8200000,0x00000005d8300000]
Native frames: (J=compiled Java code, j=interpreted, Vv=VM code, C=native code)
V  [jvm.dll+0x67754a]
V  [jvm.dll+0x834304]
V  [jvm.dll+0x835aae]
V  [jvm.dll+0x836113]
V  [jvm.dll+0x24696f]
V  [jvm.dll+0xac0ac]
V  [jvm.dll+0xac67c]
V  [jvm.dll+0x2adbef]
V  [jvm.dll+0x580067]
V  [jvm.dll+0x221e72]
V  [jvm.dll+0x21b039]
V  [jvm.dll+0x21895b]
V  [jvm.dll+0x1a4d8d]
V  [jvm.dll+0x2284da]
V  [jvm.dll+0x226615]
V  [jvm.dll+0x7ea90b]
V  [jvm.dll+0x7e4e7a]
V  [jvm.dll+0x676395]
C  [ucrtbase.dll+0x21bb2]
C  [KERNEL32.DLL+0x17614]
C  [ntdll.dll+0x526b1]


---------------  P R O C E S S  ---------------

Threads class SMR info:
_java_thread_list=0x00000146a41729f0, length=32, elements={
0x0000014689efdb30, 0x000001469dd1f730, 0x000001469dd22160, 0x000001469dd46150,
0x000001469dd46ed0, 0x000001469dd47c50, 0x000001469dd4b690, 0x000001469dd4c280,
0x000001469dd8e9b0, 0x00000146a2ef5d50, 0x00000146a3005bb0, 0x00000146a3244310,
0x00000146a37bb170, 0x00000146a3601bf0, 0x00000146a2ffcfe0, 0x00000146a31b0b50,
0x00000146a3964e70, 0x00000146a39644d0, 0x00000146a3965340, 0x00000146a39679c0,
0x00000146a39674f0, 0x00000146a3965810, 0x00000146a3965ce0, 0x00000146a3967e90,
0x00000146a39661b0, 0x00000146a3966680, 0x00000146a3967020, 0x00000146a3966b50,
0x00000146a39649a0, 0x00000146a615b3c0, 0x00000146a615e3e0, 0x00000146a615a550
}

Java Threads: ( => current thread )
  0x0000014689efdb30 JavaThread "main" [_thread_blocked, id=10476, stack(0x00000005d7900000,0x00000005d7a00000)]
  0x000001469dd1f730 JavaThread "Reference Handler" daemon [_thread_blocked, id=6480, stack(0x00000005d7c00000,0x00000005d7d00000)]
  0x000001469dd22160 JavaThread "Finalizer" daemon [_thread_blocked, id=18568, stack(0x00000005d7d00000,0x00000005d7e00000)]
  0x000001469dd46150 JavaThread "Signal Dispatcher" daemon [_thread_blocked, id=15836, stack(0x00000005d7e00000,0x00000005d7f00000)]
  0x000001469dd46ed0 JavaThread "Attach Listener" daemon [_thread_blocked, id=15768, stack(0x00000005d7f00000,0x00000005d8000000)]
  0x000001469dd47c50 JavaThread "Service Thread" daemon [_thread_blocked, id=17904, stack(0x00000005d8000000,0x00000005d8100000)]
  0x000001469dd4b690 JavaThread "Monitor Deflation Thread" daemon [_thread_blocked, id=17932, stack(0x00000005d8100000,0x00000005d8200000)]
=>0x000001469dd4c280 JavaThread "C2 CompilerThread0" daemon [_thread_in_native, id=4576, stack(0x00000005d8200000,0x00000005d8300000)]
  0x000001469dd8e9b0 JavaThread "C1 CompilerThread0" daemon [_thread_blocked, id=19312, stack(0x00000005d8300000,0x00000005d8400000)]
  0x00000146a2ef5d50 JavaThread "Sweeper thread" daemon [_thread_blocked, id=11448, stack(0x00000005d8400000,0x00000005d8500000)]
  0x00000146a3005bb0 JavaThread "Common-Cleaner" daemon [_thread_blocked, id=18380, stack(0x00000005d8500000,0x00000005d8600000)]
  0x00000146a3244310 JavaThread "Notification Thread" daemon [_thread_blocked, id=15204, stack(0x00000005d8600000,0x00000005d8700000)]
  0x00000146a37bb170 JavaThread "Active Thread: Equinox Container: 870d3e41-461d-49dd-81fc-b486d0d86272" [_thread_blocked, id=10504, stack(0x00000005d8b00000,0x00000005d8c00000)]
  0x00000146a3601bf0 JavaThread "Framework Event Dispatcher: Equinox Container: 870d3e41-461d-49dd-81fc-b486d0d86272" daemon [_thread_blocked, id=5284, stack(0x00000005d8c00000,0x00000005d8d00000)]
  0x00000146a2ffcfe0 JavaThread "Start Level: Equinox Container: 870d3e41-461d-49dd-81fc-b486d0d86272" daemon [_thread_blocked, id=15536, stack(0x00000005d8d00000,0x00000005d8e00000)]
  0x00000146a31b0b50 JavaThread "SCR Component Actor" daemon [_thread_blocked, id=13240, stack(0x00000005d8e00000,0x00000005d8f00000)]
  0x00000146a3964e70 JavaThread "Bundle File Closer" daemon [_thread_blocked, id=12712, stack(0x00000005d8f00000,0x00000005d9000000)]
  0x00000146a39644d0 JavaThread "Worker-JM" [_thread_blocked, id=3888, stack(0x00000005d9100000,0x00000005d9200000)]
  0x00000146a3965340 JavaThread "Worker-0" [_thread_blocked, id=8812, stack(0x00000005d9200000,0x00000005d9300000)]
  0x00000146a39679c0 JavaThread "Worker-1" [_thread_blocked, id=16440, stack(0x00000005d9300000,0x00000005d9400000)]
  0x00000146a39674f0 JavaThread "Worker-2: Initialize workspace" [_thread_blocked, id=18712, stack(0x00000005d9400000,0x00000005d9500000)]
  0x00000146a3965810 JavaThread "Worker-3" [_thread_blocked, id=8996, stack(0x00000005d7700000,0x00000005d7800000)]
  0x00000146a3965ce0 JavaThread "Worker-4" [_thread_blocked, id=17856, stack(0x00000005d9000000,0x00000005d9100000)]
  0x00000146a3967e90 JavaThread "Worker-5" [_thread_blocked, id=17604, stack(0x00000005d9500000,0x00000005d9600000)]
  0x00000146a39661b0 JavaThread "Java indexing" daemon [_thread_blocked, id=16836, stack(0x00000005d9600000,0x00000005d9700000)]
  0x00000146a3966680 JavaThread "JNA Cleaner" daemon [_thread_blocked, id=13732, stack(0x00000005d9700000,0x00000005d9800000)]
  0x00000146a3967020 JavaThread "pool-2-thread-1" [_thread_blocked, id=5040, stack(0x00000005d9a00000,0x00000005d9b00000)]
  0x00000146a3966b50 JavaThread "WorkspaceEventsHandler" [_thread_blocked, id=19060, stack(0x00000005d9b00000,0x00000005d9c00000)]
  0x00000146a39649a0 JavaThread "pool-1-thread-1" [_thread_in_native, id=18272, stack(0x00000005d9c00000,0x00000005d9d00000)]
  0x00000146a615b3c0 JavaThread "ForkJoinPool.commonPool-worker-2" daemon [_thread_in_native, id=17036, stack(0x00000005d9f00000,0x00000005da000000)]
  0x00000146a615e3e0 JavaThread "ForkJoinPool.commonPool-worker-1" daemon [_thread_blocked, id=19276, stack(0x00000005da000000,0x00000005da100000)]
  0x00000146a615a550 JavaThread "ForkJoinPool.commonPool-worker-3" daemon [_thread_in_native, id=5648, stack(0x00000005da100000,0x00000005da200000)]

Other Threads:
  0x000001469dd07cd0 VMThread "VM Thread" [stack: 0x00000005d7b00000,0x00000005d7c00000] [id=16052]
  0x00000146a32447e0 WatcherThread [stack: 0x00000005d8700000,0x00000005d8800000] [id=14940]
  0x0000014689f151b0 GCTaskThread "GC Thread#0" [stack: 0x00000005d7a00000,0x00000005d7b00000] [id=15320]
  0x00000146a32ccbb0 GCTaskThread "GC Thread#1" [stack: 0x00000005d8800000,0x00000005d8900000] [id=13044]
  0x00000146a32e3c80 GCTaskThread "GC Thread#2" [stack: 0x00000005d8900000,0x00000005d8a00000] [id=14428]
  0x00000146a345d040 GCTaskThread "GC Thread#3" [stack: 0x00000005d8a00000,0x00000005d8b00000] [id=13004]

Threads with active compile tasks:
C2 CompilerThread0   110816 7717       4       org.eclipse.jdt.internal.compiler.lookup.BinaryTypeBinding::createMethod (1717 bytes)

VM state: not at safepoint (normal execution)

VM Mutex/Monitor currently owned by a thread: None

Heap address: 0x00000000c0000000, size: 1024 MB, Compressed Oops mode: 32-bit

CDS archive(s) not mapped
Compressed class space mapped at: 0x0000000100000000-0x0000000140000000, reserved size: 1073741824
Narrow klass base: 0x0000000000000000, Narrow klass shift: 3, Narrow klass range: 0x140000000

GC Precious Log:
 CPUs: 4 total, 4 available
 Memory: 2806M
 Large Page Support: Disabled
 NUMA Support: Disabled
 Compressed Oops: Enabled (32-bit)
 Alignments: Space 512K, Generation 512K, Heap 2M
 Heap Min Capacity: 100M
 Heap Initial Capacity: 100M
 Heap Max Capacity: 1G
 Pre-touch: Disabled
 Parallel Workers: 4

Heap:
 PSYoungGen      total 23040K, used 4276K [0x00000000eab00000, 0x00000000ec480000, 0x0000000100000000)
  eden space 19968K, 7% used [0x00000000eab00000,0x00000000eac85a90,0x00000000ebe80000)
  from space 3072K, 88% used [0x00000000ec180000,0x00000000ec427578,0x00000000ec480000)
  to   space 3072K, 0% used [0x00000000ebe80000,0x00000000ebe80000,0x00000000ec180000)
 ParOldGen       total 68608K, used 41211K [0x00000000c0000000, 0x00000000c4300000, 0x00000000eab00000)
  object space 68608K, 60% used [0x00000000c0000000,0x00000000c283ecc8,0x00000000c4300000)
 Metaspace       used 66309K, committed 67328K, reserved 1114112K
  class space    used 7141K, committed 7616K, reserved 1048576K

Card table byte_map: [0x00000146898b0000,0x0000014689ac0000] _byte_map_base: 0x00000146892b0000

Marking Bits: (ParMarkBitMap*) 0x00007fff589d52c0
 Begin Bits: [0x000001469bb90000, 0x000001469cb90000)
 End Bits:   [0x000001469cb90000, 0x000001469db90000)

Polling page: 0x0000014687df0000

Metaspace:

Usage:
  Non-class:     57.78 MB used.
      Class:      6.97 MB used.
       Both:     64.75 MB used.

Virtual space:
  Non-class space:       64.00 MB reserved,      58.31 MB ( 91%) committed,  1 nodes.
      Class space:        1.00 GB reserved,       7.44 MB ( <1%) committed,  1 nodes.
             Both:        1.06 GB reserved,      65.75 MB (  6%) committed. 

Chunk freelists:
   Non-Class:  4.94 MB
       Class:  8.39 MB
        Both:  13.32 MB

MaxMetaspaceSize: unlimited
CompressedClassSpaceSize: 1.00 GB
Initial GC threshold: 21.00 MB
Current GC threshold: 97.31 MB
CDS: off
MetaspaceReclaimPolicy: balanced
 - commit_granule_bytes: 65536.
 - commit_granule_words: 8192.
 - virtual_space_node_default_size: 8388608.
 - enlarge_chunks_in_place: 1.
 - new_chunks_are_fully_committed: 0.
 - uncommit_free_chunks: 1.
 - use_allocation_guard: 0.
 - handle_deallocations: 1.


Internal statistics:

num_allocs_failed_limit: 9.
num_arena_births: 500.
num_arena_deaths: 14.
num_vsnodes_births: 2.
num_vsnodes_deaths: 0.
num_space_committed: 1052.
num_space_uncommitted: 0.
num_chunks_returned_to_freelist: 23.
num_chunks_taken_from_freelist: 3032.
num_chunk_merges: 10.
num_chunk_splits: 1854.
num_chunks_enlarged: 1025.
num_inconsistent_stats: 0.

CodeHeap 'non-profiled nmethods': size=120000Kb used=3533Kb max_used=3533Kb free=116466Kb
 bounds [0x0000014694660000, 0x00000146949e0000, 0x000001469bb90000]
CodeHeap 'profiled nmethods': size=120000Kb used=14908Kb max_used=14908Kb free=105091Kb
 bounds [0x000001468cb90000, 0x000001468da20000, 0x00000146940c0000]
CodeHeap 'non-nmethods': size=5760Kb used=1361Kb max_used=1438Kb free=4398Kb
 bounds [0x00000146940c0000, 0x0000014694330000, 0x0000014694660000]
 total_blobs=7633 nmethods=6920 adapters=626
 compilation: enabled
              stopped_count=0, restarted_count=0
 full_count=0

Compilation events (20 events):
Event: 108.817 Thread 0x000001469dd8e9b0 7743       2       com.google.gson.stream.JsonWriter::open (19 bytes)
Event: 108.817 Thread 0x000001469dd8e9b0 nmethod 7743 0x000001468da15090 code [0x000001468da15240, 0x000001468da153c8]
Event: 108.819 Thread 0x000001469dd8e9b0 7744       2       com.google.gson.stream.JsonWriter::close (95 bytes)
Event: 108.821 Thread 0x000001469dd8e9b0 nmethod 7744 0x000001468da15490 code [0x000001468da156c0, 0x000001468da15c18]
Event: 108.821 Thread 0x000001469dd4c280 nmethod 7577 0x00000146949cfd90 code [0x00000146949cffc0, 0x00000146949d0d68]
Event: 108.835 Thread 0x000001469dd4c280 7417       4       java.lang.String::<init> (74 bytes)
Event: 108.835 Thread 0x000001469dd8e9b0 7745       2       java.util.Calendar::get (10 bytes)
Event: 108.836 Thread 0x000001469dd8e9b0 nmethod 7745 0x000001468da15f10 code [0x000001468da160c0, 0x000001468da16228]
Event: 108.899 Thread 0x000001469dd8e9b0 7746       1       org.eclipse.jdt.internal.core.builder.ClasspathJrt::getKey (5 bytes)
Event: 108.899 Thread 0x000001469dd4c280 nmethod 7417 0x00000146949d1790 code [0x00000146949d1920, 0x00000146949d1cb8]
Event: 108.899 Thread 0x000001469dd8e9b0 nmethod 7746 0x00000146949d1e10 code [0x00000146949d1fa0, 0x00000146949d2078]
Event: 108.899 Thread 0x000001469dd4c280 7416       4       java.lang.String::<init> (10 bytes)
Event: 108.899 Thread 0x000001469dd8e9b0 7747       1       org.eclipse.jdt.internal.core.builder.ClasspathJrt::hasModule (2 bytes)
Event: 108.899 Thread 0x000001469dd8e9b0 nmethod 7747 0x00000146949d2110 code [0x00000146949d22a0, 0x00000146949d2378]
Event: 108.902 Thread 0x000001469dd4c280 nmethod 7416 0x00000146949d2410 code [0x00000146949d25a0, 0x00000146949d2938]
Event: 108.903 Thread 0x000001469dd4c280 7717       4       org.eclipse.jdt.internal.compiler.lookup.BinaryTypeBinding::createMethod (1717 bytes)
Event: 108.942 Thread 0x000001469dd8e9b0 7748       2       org.eclipse.jdt.internal.core.builder.ClasspathJrt::getModule (42 bytes)
Event: 108.942 Thread 0x000001469dd8e9b0 nmethod 7748 0x000001468da16390 code [0x000001468da16560, 0x000001468da167b8]
Event: 108.951 Thread 0x000001469dd8e9b0 7749       2       java.util.regex.Matcher::getTextLength (10 bytes)
Event: 108.951 Thread 0x000001469dd8e9b0 nmethod 7749 0x000001468da16910 code [0x000001468da16aa0, 0x000001468da16bc8]

GC Heap History (20 events):
Event: 93.327 GC heap before
{Heap before GC invocations=24 (full 2):
 PSYoungGen      total 22528K, used 22528K [0x00000000eab00000, 0x00000000ec880000, 0x0000000100000000)
  eden space 19968K, 100% used [0x00000000eab00000,0x00000000ebe80000,0x00000000ebe80000)
  from space 2560K, 100% used [0x00000000ebf00000,0x00000000ec180000,0x00000000ec180000)
  to   space 5120K, 0% used [0x00000000ec380000,0x00000000ec380000,0x00000000ec880000)
 ParOldGen       total 68608K, used 32427K [0x00000000c0000000, 0x00000000c4300000, 0x00000000eab00000)
  object space 68608K, 47% used [0x00000000c0000000,0x00000000c1faac90,0x00000000c4300000)
 Metaspace       used 54788K, committed 55680K, reserved 1114112K
  class space    used 6000K, committed 6400K, reserved 1048576K
}
Event: 93.353 GC heap after
{Heap after GC invocations=24 (full 2):
 PSYoungGen      total 20992K, used 893K [0x00000000eab00000, 0x00000000ec480000, 0x0000000100000000)
  eden space 19968K, 0% used [0x00000000eab00000,0x00000000eab00000,0x00000000ebe80000)
  from space 1024K, 87% used [0x00000000ec380000,0x00000000ec45f710,0x00000000ec480000)
  to   space 2560K, 0% used [0x00000000ebf80000,0x00000000ebf80000,0x00000000ec200000)
 ParOldGen       total 68608K, used 35036K [0x00000000c0000000, 0x00000000c4300000, 0x00000000eab00000)
  object space 68608K, 51% used [0x00000000c0000000,0x00000000c22373f8,0x00000000c4300000)
 Metaspace       used 54788K, committed 55680K, reserved 1114112K
  class space    used 6000K, committed 6400K, reserved 1048576K
}
Event: 94.991 GC heap before
{Heap before GC invocations=25 (full 2):
 PSYoungGen      total 20992K, used 20854K [0x00000000eab00000, 0x00000000ec480000, 0x0000000100000000)
  eden space 19968K, 99% used [0x00000000eab00000,0x00000000ebe7e1d8,0x00000000ebe80000)
  from space 1024K, 87% used [0x00000000ec380000,0x00000000ec45f710,0x00000000ec480000)
  to   space 2560K, 0% used [0x00000000ebf80000,0x00000000ebf80000,0x00000000ec200000)
 ParOldGen       total 68608K, used 35036K [0x00000000c0000000, 0x00000000c4300000, 0x00000000eab00000)
  object space 68608K, 51% used [0x00000000c0000000,0x00000000c22373f8,0x00000000c4300000)
 Metaspace       used 56191K, committed 57088K, reserved 1114112K
  class space    used 6183K, committed 6592K, reserved 1048576K
}
Event: 95.010 GC heap after
{Heap after GC invocations=25 (full 2):
 PSYoungGen      total 22528K, used 512K [0x00000000eab00000, 0x00000000ec400000, 0x0000000100000000)
  eden space 19968K, 0% used [0x00000000eab00000,0x00000000eab00000,0x00000000ebe80000)
  from space 2560K, 20% used [0x00000000ebf80000,0x00000000ec000010,0x00000000ec200000)
  to   space 1024K, 0% used [0x00000000ec300000,0x00000000ec300000,0x00000000ec400000)
 ParOldGen       total 68608K, used 35877K [0x00000000c0000000, 0x00000000c4300000, 0x00000000eab00000)
  object space 68608K, 52% used [0x00000000c0000000,0x00000000c2309620,0x00000000c4300000)
 Metaspace       used 56191K, committed 57088K, reserved 1114112K
  class space    used 6183K, committed 6592K, reserved 1048576K
}
Event: 96.472 GC heap before
{Heap before GC invocations=26 (full 2):
 PSYoungGen      total 22528K, used 20480K [0x00000000eab00000, 0x00000000ec400000, 0x0000000100000000)
  eden space 19968K, 100% used [0x00000000eab00000,0x00000000ebe80000,0x00000000ebe80000)
  from space 2560K, 20% used [0x00000000ebf80000,0x00000000ec000010,0x00000000ec200000)
  to   space 1024K, 0% used [0x00000000ec300000,0x00000000ec300000,0x00000000ec400000)
 ParOldGen       total 68608K, used 35877K [0x00000000c0000000, 0x00000000c4300000, 0x00000000eab00000)
  object space 68608K, 52% used [0x00000000c0000000,0x00000000c2309620,0x00000000c4300000)
 Metaspace       used 57442K, committed 58432K, reserved 1114112K
  class space    used 6291K, committed 6720K, reserved 1048576K
}
Event: 96.479 GC heap after
{Heap after GC invocations=26 (full 2):
 PSYoungGen      total 20992K, used 1007K [0x00000000eab00000, 0x00000000ec400000, 0x0000000100000000)
  eden space 19968K, 0% used [0x00000000eab00000,0x00000000eab00000,0x00000000ebe80000)
  from space 1024K, 98% used [0x00000000ec300000,0x00000000ec3fbfc8,0x00000000ec400000)
  to   space 2048K, 0% used [0x00000000ec000000,0x00000000ec000000,0x00000000ec200000)
 ParOldGen       total 68608K, used 36588K [0x00000000c0000000, 0x00000000c4300000, 0x00000000eab00000)
  object space 68608K, 53% used [0x00000000c0000000,0x00000000c23bb020,0x00000000c4300000)
 Metaspace       used 57442K, committed 58432K, reserved 1114112K
  class space    used 6291K, committed 6720K, reserved 1048576K
}
Event: 96.773 GC heap before
{Heap before GC invocations=27 (full 2):
 PSYoungGen      total 20992K, used 20975K [0x00000000eab00000, 0x00000000ec400000, 0x0000000100000000)
  eden space 19968K, 100% used [0x00000000eab00000,0x00000000ebe80000,0x00000000ebe80000)
  from space 1024K, 98% used [0x00000000ec300000,0x00000000ec3fbfc8,0x00000000ec400000)
  to   space 2048K, 0% used [0x00000000ec000000,0x00000000ec000000,0x00000000ec200000)
 ParOldGen       total 68608K, used 36588K [0x00000000c0000000, 0x00000000c4300000, 0x00000000eab00000)
  object space 68608K, 53% used [0x00000000c0000000,0x00000000c23bb020,0x00000000c4300000)
 Metaspace       used 57729K, committed 58624K, reserved 1114112K
  class space    used 6332K, committed 6720K, reserved 1048576K
}
Event: 96.782 GC heap after
{Heap after GC invocations=27 (full 2):
 PSYoungGen      total 22016K, used 927K [0x00000000eab00000, 0x00000000ec380000, 0x0000000100000000)
  eden space 19968K, 0% used [0x00000000eab00000,0x00000000eab00000,0x00000000ebe80000)
  from space 2048K, 45% used [0x00000000ec000000,0x00000000ec0e7de8,0x00000000ec200000)
  to   space 1536K, 0% used [0x00000000ec200000,0x00000000ec200000,0x00000000ec380000)
 ParOldGen       total 68608K, used 37605K [0x00000000c0000000, 0x00000000c4300000, 0x00000000eab00000)
  object space 68608K, 54% used [0x00000000c0000000,0x00000000c24b9430,0x00000000c4300000)
 Metaspace       used 57729K, committed 58624K, reserved 1114112K
  class space    used 6332K, committed 6720K, reserved 1048576K
}
Event: 97.753 GC heap before
{Heap before GC invocations=28 (full 2):
 PSYoungGen      total 22016K, used 13023K [0x00000000eab00000, 0x00000000ec380000, 0x0000000100000000)
  eden space 19968K, 60% used [0x00000000eab00000,0x00000000eb6d0028,0x00000000ebe80000)
  from space 2048K, 45% used [0x00000000ec000000,0x00000000ec0e7de8,0x00000000ec200000)
  to   space 1536K, 0% used [0x00000000ec200000,0x00000000ec200000,0x00000000ec380000)
 ParOldGen       total 68608K, used 37605K [0x00000000c0000000, 0x00000000c4300000, 0x00000000eab00000)
  object space 68608K, 54% used [0x00000000c0000000,0x00000000c24b9430,0x00000000c4300000)
 Metaspace       used 58758K, committed 59776K, reserved 1114112K
  class space    used 6442K, committed 6912K, reserved 1048576K
}
Event: 97.755 GC heap after
{Heap after GC invocations=28 (full 2):
 PSYoungGen      total 20992K, used 800K [0x00000000eab00000, 0x00000000ec300000, 0x0000000100000000)
  eden space 19968K, 0% used [0x00000000eab00000,0x00000000eab00000,0x00000000ebe80000)
  from space 1024K, 78% used [0x00000000ec200000,0x00000000ec2c8000,0x00000000ec300000)
  to   space 1024K, 0% used [0x00000000ec100000,0x00000000ec100000,0x00000000ec200000)
 ParOldGen       total 68608K, used 37685K [0x00000000c0000000, 0x00000000c4300000, 0x00000000eab00000)
  object space 68608K, 54% used [0x00000000c0000000,0x00000000c24cd460,0x00000000c4300000)
 Metaspace       used 58758K, committed 59776K, reserved 1114112K
  class space    used 6442K, committed 6912K, reserved 1048576K
}
Event: 97.755 GC heap before
{Heap before GC invocations=29 (full 3):
 PSYoungGen      total 20992K, used 800K [0x00000000eab00000, 0x00000000ec300000, 0x0000000100000000)
  eden space 19968K, 0% used [0x00000000eab00000,0x00000000eab00000,0x00000000ebe80000)
  from space 1024K, 78% used [0x00000000ec200000,0x00000000ec2c8000,0x00000000ec300000)
  to   space 1024K, 0% used [0x00000000ec100000,0x00000000ec100000,0x00000000ec200000)
 ParOldGen       total 68608K, used 37685K [0x00000000c0000000, 0x00000000c4300000, 0x00000000eab00000)
  object space 68608K, 54% used [0x00000000c0000000,0x00000000c24cd460,0x00000000c4300000)
 Metaspace       used 58758K, committed 59776K, reserved 1114112K
  class space    used 6442K, committed 6912K, reserved 1048576K
}
Event: 99.307 GC heap after
{Heap after GC invocations=29 (full 3):
 PSYoungGen      total 20992K, used 0K [0x00000000eab00000, 0x00000000ec300000, 0x0000000100000000)
  eden space 19968K, 0% used [0x00000000eab00000,0x00000000eab00000,0x00000000ebe80000)
  from space 1024K, 0% used [0x00000000ec200000,0x00000000ec200000,0x00000000ec300000)
  to   space 1024K, 0% used [0x00000000ec100000,0x00000000ec100000,0x00000000ec200000)
 ParOldGen       total 68608K, used 35725K [0x00000000c0000000, 0x00000000c4300000, 0x00000000eab00000)
  object space 68608K, 52% used [0x00000000c0000000,0x00000000c22e36f0,0x00000000c4300000)
 Metaspace       used 58758K, committed 59776K, reserved 1114112K
  class space    used 6442K, committed 6912K, reserved 1048576K
}
Event: 103.663 GC heap before
{Heap before GC invocations=30 (full 3):
 PSYoungGen      total 20992K, used 19967K [0x00000000eab00000, 0x00000000ec300000, 0x0000000100000000)
  eden space 19968K, 99% used [0x00000000eab00000,0x00000000ebe7fc68,0x00000000ebe80000)
  from space 1024K, 0% used [0x00000000ec200000,0x00000000ec200000,0x00000000ec300000)
  to   space 1024K, 0% used [0x00000000ec100000,0x00000000ec100000,0x00000000ec200000)
 ParOldGen       total 68608K, used 35725K [0x00000000c0000000, 0x00000000c4300000, 0x00000000eab00000)
  object space 68608K, 52% used [0x00000000c0000000,0x00000000c22e36f0,0x00000000c4300000)
 Metaspace       used 62103K, committed 63168K, reserved 1114112K
  class space    used 6781K, committed 7232K, reserved 1048576K
}
Event: 103.670 GC heap after
{Heap after GC invocations=30 (full 3):
 PSYoungGen      total 20992K, used 1015K [0x00000000eab00000, 0x00000000ec280000, 0x0000000100000000)
  eden space 19968K, 0% used [0x00000000eab00000,0x00000000eab00000,0x00000000ebe80000)
  from space 1024K, 99% used [0x00000000ec100000,0x00000000ec1fdfc8,0x00000000ec200000)
  to   space 512K, 0% used [0x00000000ec200000,0x00000000ec200000,0x00000000ec280000)
 ParOldGen       total 68608K, used 36005K [0x00000000c0000000, 0x00000000c4300000, 0x00000000eab00000)
  object space 68608K, 52% used [0x00000000c0000000,0x00000000c2329710,0x00000000c4300000)
 Metaspace       used 62103K, committed 63168K, reserved 1114112K
  class space    used 6781K, committed 7232K, reserved 1048576K
}
Event: 105.755 GC heap before
{Heap before GC invocations=31 (full 3):
 PSYoungGen      total 20992K, used 20983K [0x00000000eab00000, 0x00000000ec280000, 0x0000000100000000)
  eden space 19968K, 100% used [0x00000000eab00000,0x00000000ebe80000,0x00000000ebe80000)
  from space 1024K, 99% used [0x00000000ec100000,0x00000000ec1fdfc8,0x00000000ec200000)
  to   space 512K, 0% used [0x00000000ec200000,0x00000000ec200000,0x00000000ec280000)
 ParOldGen       total 68608K, used 36005K [0x00000000c0000000, 0x00000000c4300000, 0x00000000eab00000)
  object space 68608K, 52% used [0x00000000c0000000,0x00000000c2329710,0x00000000c4300000)
 Metaspace       used 64357K, committed 65408K, reserved 1114112K
  class space    used 6995K, committed 7488K, reserved 1048576K
}
Event: 105.760 GC heap after
{Heap after GC invocations=31 (full 3):
 PSYoungGen      total 20480K, used 486K [0x00000000eab00000, 0x00000000ec580000, 0x0000000100000000)
  eden space 19968K, 0% used [0x00000000eab00000,0x00000000eab00000,0x00000000ebe80000)
  from space 512K, 95% used [0x00000000ec200000,0x00000000ec279bb8,0x00000000ec280000)
  to   space 3584K, 0% used [0x00000000ebe80000,0x00000000ebe80000,0x00000000ec200000)
 ParOldGen       total 68608K, used 38394K [0x00000000c0000000, 0x00000000c4300000, 0x00000000eab00000)
  object space 68608K, 55% used [0x00000000c0000000,0x00000000c257e988,0x00000000c4300000)
 Metaspace       used 64357K, committed 65408K, reserved 1114112K
  class space    used 6995K, committed 7488K, reserved 1048576K
}
Event: 107.678 GC heap before
{Heap before GC invocations=32 (full 3):
 PSYoungGen      total 20480K, used 20454K [0x00000000eab00000, 0x00000000ec580000, 0x0000000100000000)
  eden space 19968K, 100% used [0x00000000eab00000,0x00000000ebe80000,0x00000000ebe80000)
  from space 512K, 95% used [0x00000000ec200000,0x00000000ec279bb8,0x00000000ec280000)
  to   space 3584K, 0% used [0x00000000ebe80000,0x00000000ebe80000,0x00000000ec200000)
 ParOldGen       total 68608K, used 38394K [0x00000000c0000000, 0x00000000c4300000, 0x00000000eab00000)
  object space 68608K, 55% used [0x00000000c0000000,0x00000000c257e988,0x00000000c4300000)
 Metaspace       used 65687K, committed 66688K, reserved 1114112K
  class space    used 7090K, committed 7552K, reserved 1048576K
}
Event: 107.713 GC heap after
{Heap after GC invocations=32 (full 3):
 PSYoungGen      total 22528K, used 2438K [0x00000000eab00000, 0x00000000ec480000, 0x0000000100000000)
  eden space 19968K, 0% used [0x00000000eab00000,0x00000000eab00000,0x00000000ebe80000)
  from space 2560K, 95% used [0x00000000ebe80000,0x00000000ec0e1860,0x00000000ec100000)
  to   space 3072K, 0% used [0x00000000ec180000,0x00000000ec180000,0x00000000ec480000)
 ParOldGen       total 68608K, used 38873K [0x00000000c0000000, 0x00000000c4300000, 0x00000000eab00000)
  object space 68608K, 56% used [0x00000000c0000000,0x00000000c25f6610,0x00000000c4300000)
 Metaspace       used 65687K, committed 66688K, reserved 1114112K
  class space    used 7090K, committed 7552K, reserved 1048576K
}
Event: 109.035 GC heap before
{Heap before GC invocations=33 (full 3):
 PSYoungGen      total 22528K, used 22401K [0x00000000eab00000, 0x00000000ec480000, 0x0000000100000000)
  eden space 19968K, 99% used [0x00000000eab00000,0x00000000ebe7ee58,0x00000000ebe80000)
  from space 2560K, 95% used [0x00000000ebe80000,0x00000000ec0e1860,0x00000000ec100000)
  to   space 3072K, 0% used [0x00000000ec180000,0x00000000ec180000,0x00000000ec480000)
 ParOldGen       total 68608K, used 38873K [0x00000000c0000000, 0x00000000c4300000, 0x00000000eab00000)
  object space 68608K, 56% used [0x00000000c0000000,0x00000000c25f6610,0x00000000c4300000)
 Metaspace       used 66116K, committed 67200K, reserved 1114112K
  class space    used 7128K, committed 7616K, reserved 1048576K
}
Event: 109.273 GC heap after
{Heap after GC invocations=33 (full 3):
 PSYoungGen      total 23040K, used 2717K [0x00000000eab00000, 0x00000000ec480000, 0x0000000100000000)
  eden space 19968K, 0% used [0x00000000eab00000,0x00000000eab00000,0x00000000ebe80000)
  from space 3072K, 88% used [0x00000000ec180000,0x00000000ec427578,0x00000000ec480000)
  to   space 3072K, 0% used [0x00000000ebe80000,0x00000000ebe80000,0x00000000ec180000)
 ParOldGen       total 68608K, used 41211K [0x00000000c0000000, 0x00000000c4300000, 0x00000000eab00000)
  object space 68608K, 60% used [0x00000000c0000000,0x00000000c283ecc8,0x00000000c4300000)
 Metaspace       used 66116K, committed 67200K, reserved 1114112K
  class space    used 7128K, committed 7616K, reserved 1048576K
}

Dll operation events (11 events):
Event: 0.147 Loaded shared library c:\Users\PC\.vscode\extensions\redhat.java-1.21.0-win32-x64\jre\17.0.7-win32-x86_64\bin\java.dll
Event: 1.113 Loaded shared library c:\Users\PC\.vscode\extensions\redhat.java-1.21.0-win32-x64\jre\17.0.7-win32-x86_64\bin\zip.dll
Event: 1.120 Loaded shared library C:\Users\PC\.vscode\extensions\redhat.java-1.21.0-win32-x64\jre\17.0.7-win32-x86_64\bin\instrument.dll
Event: 1.251 Loaded shared library C:\Users\PC\.vscode\extensions\redhat.java-1.21.0-win32-x64\jre\17.0.7-win32-x86_64\bin\net.dll
Event: 1.257 Loaded shared library C:\Users\PC\.vscode\extensions\redhat.java-1.21.0-win32-x64\jre\17.0.7-win32-x86_64\bin\nio.dll
Event: 1.286 Loaded shared library C:\Users\PC\.vscode\extensions\redhat.java-1.21.0-win32-x64\jre\17.0.7-win32-x86_64\bin\zip.dll
Event: 1.392 Loaded shared library C:\Users\PC\.vscode\extensions\redhat.java-1.21.0-win32-x64\jre\17.0.7-win32-x86_64\bin\jimage.dll
Event: 1.765 Loaded shared library c:\Users\PC\.vscode\extensions\redhat.java-1.21.0-win32-x64\jre\17.0.7-win32-x86_64\bin\verify.dll
Event: 42.135 Loaded shared library C:\Users\PC\AppData\Roaming\Code\User\globalStorage\redhat.java\1.21.0\config_win\org.eclipse.equinox.launcher\org.eclipse.equinox.launcher.win32.win32.x86_64_1.2.700.v20221108-1024\eclipse_11801.dll
Event: 76.861 Loaded shared library C:\Users\PC\AppData\Local\Temp\jna-2547\jna3899651639801358628.dll
Event: 88.305 Loaded shared library C:\Users\PC\.vscode\extensions\redhat.java-1.21.0-win32-x64\jre\17.0.7-win32-x86_64\bin\sunmscapi.dll

Deoptimization events (20 events):
Event: 106.243 Thread 0x00000146a39649a0 DEOPT PACKING pc=0x000001468d7e4ef0 sp=0x00000005d9cfd1d0
Event: 106.243 Thread 0x00000146a39649a0 DEOPT UNPACKING pc=0x0000014694116e24 sp=0x00000005d9cfc648 mode 0
Event: 106.245 Thread 0x00000146a39649a0 DEOPT PACKING pc=0x000001468d7e4ef0 sp=0x00000005d9cfcf40
Event: 106.245 Thread 0x00000146a39649a0 DEOPT UNPACKING pc=0x0000014694116e24 sp=0x00000005d9cfc3b8 mode 0
Event: 106.252 Thread 0x00000146a39649a0 DEOPT PACKING pc=0x000001468ccd11b2 sp=0x00000005d9cfcea0
Event: 106.252 Thread 0x00000146a39649a0 DEOPT UNPACKING pc=0x0000014694116e24 sp=0x00000005d9cfc3a0 mode 0
Event: 106.260 Thread 0x00000146a39649a0 DEOPT PACKING pc=0x000001468d7e4ef0 sp=0x00000005d9cfd190
Event: 106.260 Thread 0x00000146a39649a0 DEOPT UNPACKING pc=0x0000014694116e24 sp=0x00000005d9cfc608 mode 0
Event: 106.485 Thread 0x00000146a39649a0 Uncommon trap: trap_request=0xffffff45 fr.pc=0x00000146949a623c relative=0x0000000000002ddc
Event: 106.485 Thread 0x00000146a39649a0 Uncommon trap: reason=unstable_if action=reinterpret pc=0x00000146949a623c method=org.eclipse.jdt.internal.compiler.util.HashtableOfType.get([C)Lorg/eclipse/jdt/internal/compiler/lookup/ReferenceBinding; @ 34 c2
Event: 106.485 Thread 0x00000146a39649a0 DEOPT PACKING pc=0x00000146949a623c sp=0x00000005d9cfcde0
Event: 106.486 Thread 0x00000146a39649a0 DEOPT UNPACKING pc=0x000001469411669d sp=0x00000005d9cfca18 mode 2
Event: 107.366 Thread 0x00000146a615e3e0 Uncommon trap: trap_request=0xffffff45 fr.pc=0x00000146946ecaa8 relative=0x0000000000000188
Event: 107.366 Thread 0x00000146a615e3e0 Uncommon trap: reason=unstable_if action=reinterpret pc=0x00000146946ecaa8 method=java.util.concurrent.ConcurrentHashMap.get(Ljava/lang/Object;)Ljava/lang/Object; @ 152 c2
Event: 107.366 Thread 0x00000146a615e3e0 DEOPT PACKING pc=0x00000146946ecaa8 sp=0x00000005da0fe000
Event: 107.366 Thread 0x00000146a615e3e0 DEOPT UNPACKING pc=0x000001469411669d sp=0x00000005da0fdf78 mode 2
Event: 108.610 Thread 0x00000146a3965340 DEOPT PACKING pc=0x000001468d7e6593 sp=0x00000005d92fe7b0
Event: 108.637 Thread 0x00000146a3965340 DEOPT UNPACKING pc=0x0000014694116e24 sp=0x00000005d92fdbf0 mode 0
Event: 108.739 Thread 0x00000146a3965340 DEOPT PACKING pc=0x000001468d804ba6 sp=0x00000005d92fdc70
Event: 108.739 Thread 0x00000146a3965340 DEOPT UNPACKING pc=0x0000014694116e24 sp=0x00000005d92fd328 mode 0

Classes unloaded (7 events):
Event: 53.382 Thread 0x000001469dd07cd0 Unloading class 0x000000010021d000 'java/lang/invoke/LambdaForm$MH+0x000000010021d000'
Event: 53.382 Thread 0x000001469dd07cd0 Unloading class 0x000000010021cc00 'java/lang/invoke/LambdaForm$MH+0x000000010021cc00'
Event: 53.382 Thread 0x000001469dd07cd0 Unloading class 0x000000010021c800 'java/lang/invoke/LambdaForm$MH+0x000000010021c800'
Event: 53.382 Thread 0x000001469dd07cd0 Unloading class 0x000000010021c400 'java/lang/invoke/LambdaForm$MH+0x000000010021c400'
Event: 53.382 Thread 0x000001469dd07cd0 Unloading class 0x000000010021c000 'java/lang/invoke/LambdaForm$BMH+0x000000010021c000'
Event: 53.382 Thread 0x000001469dd07cd0 Unloading class 0x000000010021bc00 'java/lang/invoke/LambdaForm$DMH+0x000000010021bc00'
Event: 53.382 Thread 0x000001469dd07cd0 Unloading class 0x0000000100219000 'java/lang/invoke/LambdaForm$DMH+0x0000000100219000'

Classes redefined (0 events):
No events

Internal exceptions (20 events):
Event: 100.621 Thread 0x00000146a3965810 Exception <a 'sun/nio/fs/WindowsException'{0x00000000eae4eda0}> (0x00000000eae4eda0) 
thrown [s\src\hotspot\share\prims\jni.cpp, line 516]
Event: 101.064 Thread 0x00000146a39649a0 Exception <a 'java/lang/NoSuchMethodError'{0x00000000eaf73980}: 'java.lang.Object java.lang.invoke.DirectMethodHandle$Holder.invokeInterface(java.lang.Object, java.lang.Object, java.lang.Object)'> (0x00000000eaf73980) 
thrown [s\src\hotspot\share\interpreter\linkResolver.cpp, line 759]
Event: 101.161 Thread 0x00000146a3965ce0 Exception <a 'java/lang/NoSuchMethodError'{0x00000000eb019048}: 'java.lang.Object java.lang.invoke.DirectMethodHandle$Holder.invokeStatic(java.lang.Object, java.lang.Object, int, java.lang.Object)'> (0x00000000eb019048) 
thrown [s\src\hotspot\share\interpreter\linkResolver.cpp, line 759]
Event: 101.171 Thread 0x00000146a3965ce0 Exception <a 'java/lang/NoSuchMethodError'{0x00000000eb020170}: 'java.lang.Object java.lang.invoke.DirectMethodHandle$Holder.newInvokeSpecial(java.lang.Object, java.lang.Object, int)'> (0x00000000eb020170) 
thrown [s\src\hotspot\share\interpreter\linkResolver.cpp, line 759]
Event: 101.217 Thread 0x00000146a39679c0 Exception <a 'sun/nio/fs/WindowsException'{0x00000000eb0d53f0}> (0x00000000eb0d53f0) 
thrown [s\src\hotspot\share\prims\jni.cpp, line 516]
Event: 101.217 Thread 0x00000146a39679c0 Exception <a 'sun/nio/fs/WindowsException'{0x00000000eb0d5790}> (0x00000000eb0d5790) 
thrown [s\src\hotspot\share\prims\jni.cpp, line 516]
Event: 101.642 Thread 0x00000146a39649a0 Exception <a 'java/io/FileNotFoundException'{0x00000000eb3dfc30}> (0x00000000eb3dfc30) 
thrown [s\src\hotspot\share\prims\jni.cpp, line 516]
Event: 103.556 Thread 0x00000146a39649a0 Exception <a 'java/lang/NoSuchMethodError'{0x00000000ebd58c78}: 'int java.lang.invoke.DirectMethodHandle$Holder.invokeStatic(java.lang.Object, java.lang.Object, java.lang.Object, int)'> (0x00000000ebd58c78) 
thrown [s\src\hotspot\share\interpreter\linkResolver.cpp, line 759]
Event: 103.607 Thread 0x00000146a39649a0 Exception <a 'java/lang/NoSuchMethodError'{0x00000000ebe1aba0}: 'int java.lang.invoke.DirectMethodHandle$Holder.invokeVirtual(java.lang.Object, java.lang.Object, java.lang.Object)'> (0x00000000ebe1aba0) 
thrown [s\src\hotspot\share\interpreter\linkResolver.cpp, line 759]
Event: 103.628 Thread 0x00000146a39649a0 Exception <a 'java/lang/NoSuchMethodError'{0x00000000ebe3ef08}: 'int java.lang.invoke.DirectMethodHandle$Holder.invokeSpecialIFC(java.lang.Object, java.lang.Object, java.lang.Object)'> (0x00000000ebe3ef08) 
thrown [s\src\hotspot\share\interpreter\linkResolver.cpp, line 759]
Event: 104.536 Thread 0x00000146a3965340 Exception <a 'java/io/FileNotFoundException'{0x00000000eb14a048}> (0x00000000eb14a048) 
thrown [s\src\hotspot\share\prims\jni.cpp, line 516]
Event: 104.536 Thread 0x00000146a39649a0 Exception <a 'java/io/FileNotFoundException'{0x00000000eb1998b0}> (0x00000000eb1998b0) 
thrown [s\src\hotspot\share\prims\jni.cpp, line 516]
Event: 104.597 Thread 0x00000146a3965340 Exception <a 'java/lang/LinkageError'{0x00000000eb226888}: loader lombok.launch.ShadowClassLoader @525cd876 attempted duplicate class definition for lombok.launch.PatchFixesHider$Delegate. (lombok.launch.PatchFixesHider$Delegate is in unnamed module of loader lombok.launch.ShadowClassLoader @525cd876, parent loader org.eclipse.osgi.internal.loader.EquinoxClassLoader @10b0fd5c)> (0x00000000eb226888) 
thrown [s\src\hotspot\share\classfile\systemDictionary.cpp, line 1724]
Event: 105.188 Thread 0x00000146a39649a0 Exception <a 'java/lang/LinkageError'{0x00000000eb796b48}: loader lombok.launch.ShadowClassLoader @525cd876 attempted duplicate class definition for lombok.launch.PatchFixesHider$ExtensionMethod. (lombok.launch.PatchFixesHider$ExtensionMethod is in unnamed module of loader lombok.launch.ShadowClassLoader @525cd876, parent loader org.eclipse.osgi.internal.loader.EquinoxClassLoader @10b0fd5c)> (0x00000000eb796b48) 
thrown [s\src\hotspot\share\classfile\systemDictionary.cpp, line 1724]
Event: 105.243 Thread 0x00000146a39649a0 Exception <a 'java/lang/LinkageError'{0x00000000eb79e2e0}: loader lombok.launch.ShadowClassLoader @525cd876 attempted duplicate class definition for lombok.launch.PatchFixesHider$Val. (lombok.launch.PatchFixesHider$Val is in unnamed module of loader lombok.launch.ShadowClassLoader @525cd876, parent loader org.eclipse.osgi.internal.loader.EquinoxClassLoader @10b0fd5c)> (0x00000000eb79e2e0) 
thrown [s\src\hotspot\share\classfile\systemDictionary.cpp, line 1724]
Event: 105.718 Thread 0x00000146a3965340 Exception <a 'java/io/FileNotFoundException'{0x00000000ebe0a780}> (0x00000000ebe0a780) 
thrown [s\src\hotspot\share\prims\jni.cpp, line 516]
Event: 105.718 Thread 0x00000146a3965340 Exception <a 'java/io/FileNotFoundException'{0x00000000ebe0b790}> (0x00000000ebe0b790) 
thrown [s\src\hotspot\share\prims\jni.cpp, line 516]
Event: 106.763 Thread 0x00000146a39649a0 Exception <a 'sun/nio/fs/WindowsException'{0x00000000eb325e68}> (0x00000000eb325e68) 
thrown [s\src\hotspot\share\prims\jni.cpp, line 516]
Event: 106.973 Thread 0x00000146a39649a0 Exception <a 'sun/nio/fs/WindowsException'{0x00000000eb334c00}> (0x00000000eb334c00) 
thrown [s\src\hotspot\share\prims\jni.cpp, line 516]
Event: 107.283 Thread 0x00000146a615b3c0 Exception <a 'java/lang/NoSuchMethodError'{0x00000000eb4d5118}: 'int java.lang.invoke.DirectMethodHandle$Holder.invokeStatic(java.lang.Object)'> (0x00000000eb4d5118) 
thrown [s\src\hotspot\share\interpreter\linkResolver.cpp, line 759]

VM Operations (20 events):
Event: 103.663 Executing VM operation: ParallelGCFailedAllocation
Event: 103.670 Executing VM operation: ParallelGCFailedAllocation done
Event: 104.685 Executing VM operation: Cleanup
Event: 104.686 Executing VM operation: Cleanup done
Event: 105.259 Executing VM operation: HandshakeAllThreads
Event: 105.259 Executing VM operation: HandshakeAllThreads done
Event: 105.737 Executing VM operation: ParallelGCFailedAllocation
Event: 105.761 Executing VM operation: ParallelGCFailedAllocation done
Event: 106.302 Executing VM operation: HandshakeAllThreads
Event: 106.302 Executing VM operation: HandshakeAllThreads done
Event: 106.745 Executing VM operation: ICBufferFull
Event: 106.745 Executing VM operation: ICBufferFull done
Event: 107.350 Executing VM operation: HandshakeAllThreads
Event: 107.358 Executing VM operation: HandshakeAllThreads done
Event: 107.678 Executing VM operation: ParallelGCFailedAllocation
Event: 107.714 Executing VM operation: ParallelGCFailedAllocation done
Event: 108.714 Executing VM operation: Cleanup
Event: 108.726 Executing VM operation: Cleanup done
Event: 109.010 Executing VM operation: ParallelGCFailedAllocation
Event: 109.275 Executing VM operation: ParallelGCFailedAllocation done

Events (20 events):
Event: 103.622 loading class java/util/stream/ReduceOps$4ReducingSink done
Event: 104.548 loading class java/util/concurrent/ForkJoinTask$AdaptedCallable
Event: 104.552 loading class java/util/concurrent/ForkJoinTask$AdaptedCallable done
Event: 104.566 loading class java/util/concurrent/ForkJoinPool$DefaultCommonPoolForkJoinWorkerThreadFactory$1
Event: 104.572 loading class java/util/concurrent/ForkJoinPool$DefaultCommonPoolForkJoinWorkerThreadFactory$1 done
Event: 104.577 Thread 0x00000146a615b3c0 Thread added: 0x00000146a615b3c0
Event: 104.577 Thread 0x00000146a615e3e0 Thread added: 0x00000146a615e3e0
Event: 104.577 loading class java/util/concurrent/CountedCompleter
Event: 104.579 loading class java/util/concurrent/CountedCompleter done
Event: 107.085 loading class java/util/concurrent/CompletableFuture$UniApply
Event: 107.093 loading class java/util/concurrent/CompletableFuture$UniCompletion
Event: 107.094 loading class java/util/concurrent/CompletableFuture$UniCompletion done
Event: 107.094 loading class java/util/concurrent/CompletableFuture$UniApply done
Event: 107.169 loading class java/util/concurrent/CompletableFuture$UniAccept
Event: 107.169 loading class java/util/concurrent/CompletableFuture$UniAccept done
Event: 107.169 loading class java/util/concurrent/CompletableFuture$UniExceptionally
Event: 107.169 loading class java/util/concurrent/CompletableFuture$UniExceptionally done
Event: 107.218 Thread 0x00000146a615a550 Thread added: 0x00000146a615a550
Event: 107.610 loading class java/util/Hashtable$KeySet
Event: 107.610 loading class java/util/Hashtable$KeySet done


Dynamic libraries:
0x00007ff670ba0000 - 0x00007ff670bae000 	c:\Users\PC\.vscode\extensions\redhat.java-1.21.0-win32-x64\jre\17.0.7-win32-x86_64\bin\java.exe
0x00007fffba4f0000 - 0x00007fffba6e8000 	C:\WINDOWS\SYSTEM32\ntdll.dll
0x00007fffb85b0000 - 0x00007fffb866f000 	C:\WINDOWS\System32\KERNEL32.DLL
0x00007fffb7d60000 - 0x00007fffb8056000 	C:\WINDOWS\System32\KERNELBASE.dll
0x00007fffb81b0000 - 0x00007fffb82b0000 	C:\WINDOWS\System32\ucrtbase.dll
0x00007fffa7f60000 - 0x00007fffa7f79000 	c:\Users\PC\.vscode\extensions\redhat.java-1.21.0-win32-x64\jre\17.0.7-win32-x86_64\bin\VCRUNTIME140.dll
0x00007fffa8ad0000 - 0x00007fffa8ae7000 	c:\Users\PC\.vscode\extensions\redhat.java-1.21.0-win32-x64\jre\17.0.7-win32-x86_64\bin\jli.dll
0x00007fffb8d80000 - 0x00007fffb8f1d000 	C:\WINDOWS\System32\USER32.dll
0x00007fffb7bd0000 - 0x00007fffb7bf2000 	C:\WINDOWS\System32\win32u.dll
0x00007fffb8d50000 - 0x00007fffb8d7c000 	C:\WINDOWS\System32\GDI32.dll
0x00007fffb82b0000 - 0x00007fffb83c5000 	C:\WINDOWS\System32\gdi32full.dll
0x00007fffb8110000 - 0x00007fffb81ad000 	C:\WINDOWS\System32\msvcp_win.dll
0x00007fffa5da0000 - 0x00007fffa603a000 	C:\WINDOWS\WinSxS\amd64_microsoft.windows.common-controls_6595b64144ccf1df_6.0.19041.1110_none_60b5254171f9507e\COMCTL32.dll
0x00007fffb8a60000 - 0x00007fffb8afe000 	C:\WINDOWS\System32\msvcrt.dll
0x00007fffb8940000 - 0x00007fffb8970000 	C:\WINDOWS\System32\IMM32.DLL
0x00007fffaa1c0000 - 0x00007fffaa1cc000 	c:\Users\PC\.vscode\extensions\redhat.java-1.21.0-win32-x64\jre\17.0.7-win32-x86_64\bin\vcruntime140_1.dll
0x00007fff8de30000 - 0x00007fff8dec1000 	c:\Users\PC\.vscode\extensions\redhat.java-1.21.0-win32-x64\jre\17.0.7-win32-x86_64\bin\msvcp140.dll
0x00007fff57e50000 - 0x00007fff58a98000 	c:\Users\PC\.vscode\extensions\redhat.java-1.21.0-win32-x64\jre\17.0.7-win32-x86_64\bin\server\jvm.dll
0x00007fffba1a0000 - 0x00007fffba24f000 	C:\WINDOWS\System32\ADVAPI32.dll
0x00007fffba400000 - 0x00007fffba49c000 	C:\WINDOWS\System32\sechost.dll
0x00007fffb8c20000 - 0x00007fffb8d46000 	C:\WINDOWS\System32\RPCRT4.dll
0x00007fffaac50000 - 0x00007fffaac59000 	C:\WINDOWS\SYSTEM32\WSOCK32.dll
0x00007fffafa80000 - 0x00007fffafaa7000 	C:\WINDOWS\SYSTEM32\WINMM.dll
0x00007fffb0fe0000 - 0x00007fffb0fea000 	C:\WINDOWS\SYSTEM32\VERSION.dll
0x00007fffba390000 - 0x00007fffba3fb000 	C:\WINDOWS\System32\WS2_32.dll
0x00007fffb5920000 - 0x00007fffb5932000 	C:\WINDOWS\SYSTEM32\kernel.appcore.dll
0x00007fffa91e0000 - 0x00007fffa91ea000 	c:\Users\PC\.vscode\extensions\redhat.java-1.21.0-win32-x64\jre\17.0.7-win32-x86_64\bin\jimage.dll
0x00007fffa8f80000 - 0x00007fffa9164000 	C:\WINDOWS\SYSTEM32\DBGHELP.DLL
0x00007fffa8700000 - 0x00007fffa8734000 	C:\WINDOWS\SYSTEM32\dbgcore.DLL
0x00007fffb8470000 - 0x00007fffb84f2000 	C:\WINDOWS\System32\bcryptPrimitives.dll
0x00007fffa9170000 - 0x00007fffa917e000 	c:\Users\PC\.vscode\extensions\redhat.java-1.21.0-win32-x64\jre\17.0.7-win32-x86_64\bin\instrument.dll
0x00007fff95a20000 - 0x00007fff95a45000 	c:\Users\PC\.vscode\extensions\redhat.java-1.21.0-win32-x64\jre\17.0.7-win32-x86_64\bin\java.dll
0x00007fffa7d50000 - 0x00007fffa7d68000 	c:\Users\PC\.vscode\extensions\redhat.java-1.21.0-win32-x64\jre\17.0.7-win32-x86_64\bin\zip.dll
0x00007fffb94c0000 - 0x00007fffb9c04000 	C:\WINDOWS\System32\SHELL32.dll
0x00007fffb5c30000 - 0x00007fffb63c3000 	C:\WINDOWS\SYSTEM32\windows.storage.dll
0x00007fffb9e40000 - 0x00007fffba194000 	C:\WINDOWS\System32\combase.dll
0x00007fffb7530000 - 0x00007fffb755e000 	C:\WINDOWS\SYSTEM32\Wldp.dll
0x00007fffba250000 - 0x00007fffba2fd000 	C:\WINDOWS\System32\SHCORE.dll
0x00007fffb8b10000 - 0x00007fffb8b65000 	C:\WINDOWS\System32\shlwapi.dll
0x00007fffb7b00000 - 0x00007fffb7b25000 	C:\WINDOWS\SYSTEM32\profapi.dll
0x00007fffa73a0000 - 0x00007fffa73b9000 	C:\Users\PC\.vscode\extensions\redhat.java-1.21.0-win32-x64\jre\17.0.7-win32-x86_64\bin\net.dll
0x00007fffb0ed0000 - 0x00007fffb0fda000 	C:\WINDOWS\SYSTEM32\WINHTTP.dll
0x00007fffb7310000 - 0x00007fffb737a000 	C:\WINDOWS\system32\mswsock.dll
0x00007fffa33f0000 - 0x00007fffa3405000 	C:\Users\PC\.vscode\extensions\redhat.java-1.21.0-win32-x64\jre\17.0.7-win32-x86_64\bin\nio.dll
0x00007fffa8e50000 - 0x00007fffa8e60000 	c:\Users\PC\.vscode\extensions\redhat.java-1.21.0-win32-x64\jre\17.0.7-win32-x86_64\bin\verify.dll
0x00007fff94fe0000 - 0x00007fff9501e000 	C:\Users\PC\AppData\Roaming\Code\User\globalStorage\redhat.java\1.21.0\config_win\org.eclipse.equinox.launcher\org.eclipse.equinox.launcher.win32.win32.x86_64_1.2.700.v20221108-1024\eclipse_11801.dll
0x00007fffb9390000 - 0x00007fffb94ba000 	C:\WINDOWS\System32\ole32.dll
0x00007fffb7870000 - 0x00007fffb7888000 	C:\WINDOWS\SYSTEM32\CRYPTSP.dll
0x00007fffb6b70000 - 0x00007fffb6ba4000 	C:\WINDOWS\system32\rsaenh.dll
0x00007fffb8440000 - 0x00007fffb8467000 	C:\WINDOWS\System32\bcrypt.dll
0x00007fffb7a80000 - 0x00007fffb7aae000 	C:\WINDOWS\SYSTEM32\USERENV.dll
0x00007fffb74a0000 - 0x00007fffb74ac000 	C:\WINDOWS\SYSTEM32\CRYPTBASE.dll
0x00007fffb6fd0000 - 0x00007fffb700b000 	C:\WINDOWS\SYSTEM32\IPHLPAPI.DLL
0x00007fffb8970000 - 0x00007fffb8978000 	C:\WINDOWS\System32\NSI.dll
0x00007fffb1250000 - 0x00007fffb1267000 	C:\WINDOWS\SYSTEM32\dhcpcsvc6.DLL
0x00007fffb17b0000 - 0x00007fffb17cd000 	C:\WINDOWS\SYSTEM32\dhcpcsvc.DLL
0x00007fffb7020000 - 0x00007fffb70ea000 	C:\WINDOWS\SYSTEM32\DNSAPI.dll
0x00007fff8dde0000 - 0x00007fff8de25000 	C:\Users\PC\AppData\Local\Temp\jna-2547\jna3899651639801358628.dll
0x00007fffba4a0000 - 0x00007fffba4a8000 	C:\WINDOWS\System32\PSAPI.DLL
0x00007fffa8070000 - 0x00007fffa807e000 	C:\Users\PC\.vscode\extensions\redhat.java-1.21.0-win32-x64\jre\17.0.7-win32-x86_64\bin\sunmscapi.dll
0x00007fffb7c00000 - 0x00007fffb7d5e000 	C:\WINDOWS\System32\CRYPT32.dll
0x00007fffb75a0000 - 0x00007fffb75c8000 	C:\WINDOWS\SYSTEM32\ncrypt.dll
0x00007fffb7560000 - 0x00007fffb759b000 	C:\WINDOWS\SYSTEM32\NTASN1.dll
0x00007fffadbd0000 - 0x00007fffadbda000 	C:\Windows\System32\rasadhlp.dll
0x00007fffae2c0000 - 0x00007fffae342000 	C:\WINDOWS\System32\fwpuclnt.dll

dbghelp: loaded successfully - version: 4.0.5 - missing functions: none
symbol engine: initialized successfully - sym options: 0x614 - pdb path: .;c:\Users\PC\.vscode\extensions\redhat.java-1.21.0-win32-x64\jre\17.0.7-win32-x86_64\bin;C:\WINDOWS\SYSTEM32;C:\WINDOWS\WinSxS\amd64_microsoft.windows.common-controls_6595b64144ccf1df_6.0.19041.1110_none_60b5254171f9507e;c:\Users\PC\.vscode\extensions\redhat.java-1.21.0-win32-x64\jre\17.0.7-win32-x86_64\bin\server;C:\Users\PC\AppData\Roaming\Code\User\globalStorage\redhat.java\1.21.0\config_win\org.eclipse.equinox.launcher\org.eclipse.equinox.launcher.win32.win32.x86_64_1.2.700.v20221108-1024;C:\Users\PC\AppData\Local\Temp\jna-2547

VM Arguments:
jvm_args: --add-modules=ALL-SYSTEM --add-opens=java.base/java.util=ALL-UNNAMED --add-opens=java.base/java.lang=ALL-UNNAMED --add-opens=java.base/sun.nio.fs=ALL-UNNAMED -Declipse.application=org.eclipse.jdt.ls.core.id1 -Dosgi.bundles.defaultStartLevel=4 -Declipse.product=org.eclipse.jdt.ls.core.product -Djava.import.generatesMetadataFilesAtProjectRoot=false -Dfile.encoding=utf8 -XX:+UseParallelGC -XX:GCTimeRatio=4 -XX:AdaptiveSizePolicyWeight=90 -Dsun.zip.disableMemoryMapping=true -Xmx1G -Xms100m -Xlog:disable -javaagent:c:\Users\PC\.vscode\extensions\redhat.java-1.21.0-win32-x64\lombok\lombok-1.18.28.jar -XX:+HeapDumpOnOutOfMemoryError -XX:HeapDumpPath=c:\Users\PC\AppData\Roaming\Code\User\workspaceStorage\22e9aa4b2a487cec6e48ef45ec24419d\redhat.java -Daether.dependencyCollector.impl=bf 
java_command: c:\Users\PC\.vscode\extensions\redhat.java-1.21.0-win32-x64\server\plugins\org.eclipse.equinox.launcher_1.6.500.v20230717-2134.jar -configuration c:\Users\PC\AppData\Roaming\Code\User\globalStorage\redhat.java\1.21.0\config_win -data c:\Users\PC\AppData\Roaming\Code\User\workspaceStorage\22e9aa4b2a487cec6e48ef45ec24419d\redhat.java\jdt_ws
java_class_path (initial): c:\Users\PC\.vscode\extensions\redhat.java-1.21.0-win32-x64\server\plugins\org.eclipse.equinox.launcher_1.6.500.v20230717-2134.jar
Launcher Type: SUN_STANDARD

[Global flags]
    uintx AdaptiveSizePolicyWeight                 = 90                                        {product} {command line}
     intx CICompilerCount                          = 3                                         {product} {ergonomic}
    uintx GCTimeRatio                              = 4                                         {product} {command line}
     bool HeapDumpOnOutOfMemoryError               = true                                   {manageable} {command line}
    ccstr HeapDumpPath                             = c:\Users\PC\AppData\Roaming\Code\User\workspaceStorage\22e9aa4b2a487cec6e48ef45ec24419d\redhat.java         {manageable} {command line}
   size_t InitialHeapSize                          = 104857600                                 {product} {command line}
   size_t MaxHeapSize                              = 1073741824                                {product} {command line}
   size_t MaxNewSize                               = 357564416                                 {product} {ergonomic}
   size_t MinHeapDeltaBytes                        = 524288                                    {product} {ergonomic}
   size_t MinHeapSize                              = 104857600                                 {product} {command line}
   size_t NewSize                                  = 34603008                                  {product} {ergonomic}
    uintx NonNMethodCodeHeapSize                   = 5832780                                {pd product} {ergonomic}
    uintx NonProfiledCodeHeapSize                  = 122912730                              {pd product} {ergonomic}
   size_t OldSize                                  = 70254592                                  {product} {ergonomic}
    uintx ProfiledCodeHeapSize                     = 122912730                              {pd product} {ergonomic}
    uintx ReservedCodeCacheSize                    = 251658240                              {pd product} {ergonomic}
     bool SegmentedCodeCache                       = true                                      {product} {ergonomic}
   size_t SoftMaxHeapSize                          = 1073741824                             {manageable} {ergonomic}
     bool UseCompressedClassPointers               = true                           {product lp64_product} {ergonomic}
     bool UseCompressedOops                        = true                           {product lp64_product} {ergonomic}
     bool UseLargePagesIndividualAllocation        = false                                  {pd product} {ergonomic}
     bool UseParallelGC                            = true                                      {product} {command line}

Logging:
Log output configuration:
 #0: stdout all=off uptime,level,tags
 #1: stderr all=off uptime,level,tags

Environment Variables:
JAVA_HOME=C:\Program Files\Amazon Corretto\jdk11.0.16_9
PATH=C:\Program Files\Common Files\Oracle\Java\javapath;C:\Program Files\Amazon Corretto\jdk11.0.16_9\bin;C:\Windows\system32;C:\Windows;C:\Windows\System32\Wbem;C:\Windows\System32\WindowsPowerShell\v1.0\;C:\Program Files (x86)\NVIDIA Corporation\PhysX\Common;C:\WINDOWS\system32;C:\WINDOWS;C:\WINDOWS\System32\Wbem;C:\WINDOWS\System32\WindowsPowerShell\v1.0\;C:\WINDOWS\System32\OpenSSH\;C:\Program Files\Java\jdk-17.0.5;C:\Program Files\Git\cmd;C:\Program Files\MySQL\MySQL Server 8.0\bin;;C:\Program Files\Docker\Docker\resources\bin;C:\Program Files\MySQL\MySQL Shell 8.0\bin\;C:\Users\PC\AppData\Local\Microsoft\WindowsApps;C:\Users\PC\AppData\Local\Programs\Microsoft VS Code\bin;C:\Users\PC\AppData\Local\Google\Cloud SDK\google-cloud-sdk\bin;C:\Program Files\MySQL\MySQL Server 8.0\bin;
USERNAME=PC
OS=Windows_NT
PROCESSOR_IDENTIFIER=Intel64 Family 6 Model 37 Stepping 5, GenuineIntel
TMP=C:\Users\PC\AppData\Local\Temp
TEMP=C:\Users\PC\AppData\Local\Temp



---------------  S Y S T E M  ---------------

OS:
 Windows 10 , 64 bit Build 19041 (10.0.19041.3155)
OS uptime: 12 days 23:38 hours
Hyper-V role detected

CPU: total 4 (initial active 4) (2 cores per cpu, 2 threads per core) family 6 model 37 stepping 5 microcode 0x7, cx8, cmov, fxsr, ht, mmx, sse, sse2, sse3, ssse3, sse4.1, sse4.2, popcnt, tsc, tscinvbit, clflush, hv

Memory: 4k page, system-wide physical 2806M (93M free)
TotalPageFile size 11510M (AvailPageFile size 0M)
current process WorkingSet (physical memory assigned to process): 173M, peak: 185M
current process commit charge ("private bytes"): 316M, peak: 323M

vm_info: OpenJDK 64-Bit Server VM (17.0.7+7) for windows-amd64 JRE (17.0.7+7), built on Apr 18 2023 22:10:42 by "temurin" with MS VC++ 16.7 (VS2019)

END.
